c:\users\bbdnet1572\documents\visual studio 2015\projects\hello world\helloworld\helloworld\debug\helloworld.pch
c:\users\bbdnet1572\documents\visual studio 2015\projects\hello world\helloworld\helloworld\debug\vc140.pdb
c:\users\bbdnet1572\documents\visual studio 2015\projects\hello world\helloworld\helloworld\debug\vc140.idb
c:\users\bbdnet1572\documents\visual studio 2015\projects\hello world\helloworld\helloworld\debug\stdafx.obj
c:\users\bbdnet1572\documents\visual studio 2015\projects\hello world\helloworld\helloworld\debug\helloworld.obj
c:\users\bbdnet1572\documents\visual studio 2015\projects\hello world\helloworld\debug\helloworld.ilk
c:\users\bbdnet1572\documents\visual studio 2015\projects\hello world\helloworld\debug\helloworld.exe
c:\users\bbdnet1572\documents\visual studio 2015\projects\hello world\helloworld\debug\helloworld.pdb
c:\users\bbdnet1572\desktop\bbd_bootcamp\dean\helloworld\helloworld\debug\helloworld.obj
c:\users\bbdnet1572\desktop\bbd_bootcamp\dean\helloworld\helloworld\debug\stdafx.obj
c:\users\bbdnet1572\desktop\bbd_bootcamp\dean\helloworld\helloworld\debug\helloworld.pch
c:\users\bbdnet1572\desktop\bbd_bootcamp\dean\helloworld\helloworld\debug\vc140.idb
c:\users\bbdnet1572\desktop\bbd_bootcamp\dean\helloworld\helloworld\debug\vc140.pdb
c:\users\bbdnet1572\desktop\bbd_bootcamp\dean\helloworld\debug\helloworld.pdb
c:\users\bbdnet1572\desktop\bbd_bootcamp\dean\helloworld\debug\helloworld.exe
c:\users\bbdnet1572\desktop\bbd_bootcamp\dean\helloworld\debug\helloworld.ilk
c:\users\bbdnet1572\desktop\bbd_bootcamp\dean\helloworld\helloworld\debug\helloworld.tlog\cl.command.1.tlog
c:\users\bbdnet1572\desktop\bbd_bootcamp\dean\helloworld\helloworld\debug\helloworld.tlog\cl.read.1.tlog
c:\users\bbdnet1572\desktop\bbd_bootcamp\dean\helloworld\helloworld\debug\helloworld.tlog\cl.write.1.tlog
c:\users\bbdnet1572\desktop\bbd_bootcamp\dean\helloworld\helloworld\debug\helloworld.tlog\link.command.1.tlog
c:\users\bbdnet1572\desktop\bbd_bootcamp\dean\helloworld\helloworld\debug\helloworld.tlog\link.read.1.tlog
c:\users\bbdnet1572\desktop\bbd_bootcamp\dean\helloworld\helloworld\debug\helloworld.tlog\link.write.1.tlog
